Arguments: 
  /Users/claudio.f.raposo/.nvm/versions/node/v17.7.1/bin/node /Users/claudio.f.raposo/.nvm/versions/node/v17.7.1/bin/yarn add algorithimia

PATH: 
  /Users/claudio.f.raposo/.nvm/versions/node/v17.7.1/bin:/usr/local/opt/ruby/bin:/usr/local/bin:/usr/bin:/bin:/usr/sbin:/sbin:/Library/Apple/usr/bin:/Users/claudio.f.raposo/.nvm/versions/node/v17.7.1/bin:/usr/local/opt/ruby/bin:/Users/claudio.f.raposo/Android/Sdk/emulator:/Users/claudio.f.raposo/Android/Sdk/tools:/Users/claudio.f.raposo/Android/Sdk/tools/bin:/Users/claudio.f.raposo/Android/Sdk/platform-tools:/Users/claudio.f.raposo/development/flutter/bin:/Users/claudio.f.raposo/Android/Sdk/emulator:/Users/claudio.f.raposo/Android/Sdk/tools:/Users/claudio.f.raposo/Android/Sdk/tools/bin:/Users/claudio.f.raposo/Android/Sdk/platform-tools:/Users/claudio.f.raposo/development/flutter/bin

Yarn version: 
  1.22.18

Node version: 
  17.7.1

Platform: 
  darwin x64

Trace: 
  Error: https://registry.yarnpkg.com/algorithimia: Not found
      at Request.params.callback [as _callback] (/Users/claudio.f.raposo/.nvm/versions/node/v17.7.1/lib/node_modules/yarn/lib/cli.js:66138:18)
      at Request.self.callback (/Users/claudio.f.raposo/.nvm/versions/node/v17.7.1/lib/node_modules/yarn/lib/cli.js:140883:22)
      at Request.emit (node:events:527:28)
      at Request.<anonymous> (/Users/claudio.f.raposo/.nvm/versions/node/v17.7.1/lib/node_modules/yarn/lib/cli.js:141855:10)
      at Request.emit (node:events:527:28)
      at IncomingMessage.<anonymous> (/Users/claudio.f.raposo/.nvm/versions/node/v17.7.1/lib/node_modules/yarn/lib/cli.js:141777:12)
      at Object.onceWrapper (node:events:641:28)
      at IncomingMessage.emit (node:events:539:35)
      at endReadableNT (node:internal/streams/readable:1342:12)
      at processTicksAndRejections (node:internal/process/task_queues:83:21)

npm manifest: 
  {
    "name": "video-constructor",
    "version": "1.0.0",
    "main": "index.js",
    "license": "MIT",
    "dependencies": {
      "readline-sync": "^1.4.10"
    }
  }

yarn manifest: 
  No manifest

Lockfile: 
  # THIS IS AN AUTOGENERATED FILE. DO NOT EDIT THIS FILE DIRECTLY.
  # yarn lockfile v1
  
  
  readline-sync@^1.4.10:
    version "1.4.10"
    resolved "https://registry.yarnpkg.com/readline-sync/-/readline-sync-1.4.10.tgz#41df7fbb4b6312d673011594145705bf56d8873b"
    integrity sha512-gNva8/6UAe8QYepIQH/jQ2qn91Qj0B9sYjMBBs3QOB8F2CXcKgLxQaJRP76sWVRQt+QU+8fAkCbCvjjMFu7Ycw==
